[debug] [2022-11-10T00:09:58.615Z] ----------------------------------------------------------------------
[debug] [2022-11-10T00:09:58.616Z] Command:       /Users/xiaoweichen/.nvm/versions/node/v18.9.1/bin/node /Users/xiaoweichen/.nvm/versions/node/v18.9.1/bin/firebase emulators:start --only database,auth
[debug] [2022-11-10T00:09:58.616Z] CLI Version:   11.13.0
[debug] [2022-11-10T00:09:58.616Z] Platform:      darwin
[debug] [2022-11-10T00:09:58.617Z] Node Version:  v18.9.1
[debug] [2022-11-10T00:09:58.617Z] Time:          Wed Nov 09 2022 18:09:58 GMT-0600 (Central Standard Time)
[debug] [2022-11-10T00:09:58.617Z] ----------------------------------------------------------------------
[debug] 
[debug] [2022-11-10T00:09:58.664Z] > command requires scopes: ["email","openid","https://www.googleapis.com/auth/cloudplatformprojects.readonly","https://www.googleapis.com/auth/firebase","https://www.googleapis.com/auth/cloud-platform"]
[debug] [2022-11-10T00:09:58.664Z] > authorizing via signed-in user (xiaoweichen0326@gmail.com)
[debug] [2022-11-10T00:09:58.776Z] openjdk version "11.0.17" 2022-10-18

[debug] [2022-11-10T00:09:58.777Z] OpenJDK Runtime Environment Temurin-11.0.17+8 (build 11.0.17+8)
OpenJDK 64-Bit Server VM Temurin-11.0.17+8 (build 11.0.17+8, mixed mode)

[debug] [2022-11-10T00:09:58.782Z] Parsed Java major version: 11
[info] i  emulators: Starting emulators: auth, database {"metadata":{"emulator":{"name":"hub"},"message":"Starting emulators: auth, database"}}
[debug] [2022-11-10T00:09:58.789Z] [hub] writing locator at /var/folders/9l/wcx__fq93hj39bjt7_4snffw0000gn/T/hub-react-tutorial-74f38.json
[debug] [2022-11-10T00:09:58.793Z] >>> [apiv2][query] GET https://firebase.googleapis.com/v1beta1/projects/react-tutorial-74f38 [none]
[debug] [2022-11-10T00:09:59.019Z] <<< [apiv2][status] GET https://firebase.googleapis.com/v1beta1/projects/react-tutorial-74f38 200
[debug] [2022-11-10T00:09:59.019Z] <<< [apiv2][body] GET https://firebase.googleapis.com/v1beta1/projects/react-tutorial-74f38 {"projectId":"react-tutorial-74f38","projectNumber":"1090028282744","displayName":"React-Tutorial","name":"projects/react-tutorial-74f38","resources":{"hostingSite":"react-tutorial-74f38","realtimeDatabaseInstance":"react-tutorial-74f38-default-rtdb"},"state":"ACTIVE","etag":"1_d16b16f5-6afe-464f-a16b-54d7124ccbaa"}
[debug] [2022-11-10T00:09:59.020Z] database rules config:  []
[warn] ⚠  database: Did not find a Realtime Database rules file specified in a firebase.json config file. The emulator will default to allowing all reads and writes. Learn more about this option: https://firebase.google.com/docs/emulator-suite/install_and_configure#security_rules_configuration. {"metadata":{"emulator":{"name":"database"},"message":"Did not find a Realtime Database rules file specified in a firebase.json config file. The emulator will default to allowing all reads and writes. Learn more about this option: https://firebase.google.com/docs/emulator-suite/install_and_configure#security_rules_configuration."}}
[debug] [2022-11-10T00:09:59.025Z] Ignoring unsupported arg: projectId {"metadata":{"emulator":{"name":"database"},"message":"Ignoring unsupported arg: projectId"}}
[debug] [2022-11-10T00:09:59.025Z] Ignoring unsupported arg: auto_download {"metadata":{"emulator":{"name":"database"},"message":"Ignoring unsupported arg: auto_download"}}
[debug] [2022-11-10T00:09:59.025Z] Ignoring unsupported arg: rules {"metadata":{"emulator":{"name":"database"},"message":"Ignoring unsupported arg: rules"}}
[debug] [2022-11-10T00:09:59.025Z] Starting Database Emulator with command {"binary":"java","args":["-Duser.language=en","-jar","/Users/xiaoweichen/.cache/firebase/emulators/firebase-database-emulator-v4.9.0.jar","--host","localhost","--port",9000],"optionalArgs":["port","host","functions_emulator_port","functions_emulator_host"],"joinArgs":false} {"metadata":{"emulator":{"name":"database"},"message":"Starting Database Emulator with command {\"binary\":\"java\",\"args\":[\"-Duser.language=en\",\"-jar\",\"/Users/xiaoweichen/.cache/firebase/emulators/firebase-database-emulator-v4.9.0.jar\",\"--host\",\"localhost\",\"--port\",9000],\"optionalArgs\":[\"port\",\"host\",\"functions_emulator_port\",\"functions_emulator_host\"],\"joinArgs\":false}"}}
[info] i  database: Database Emulator logging to database-debug.log {"metadata":{"emulator":{"name":"database"},"message":"Database Emulator logging to \u001b[1mdatabase-debug.log\u001b[22m"}}
[debug] [2022-11-10T00:09:59.839Z] WARNING: An illegal reflective access operation has occurred
WARNING: Illegal reflective access by io.netty.util.internal.ReflectionUtil (file:/Users/xiaoweichen/.cache/firebase/emulators/firebase-database-emulator-v4.9.0.jar) to field sun.nio.ch.SelectorImpl.selectedKeys
WARNING: Please consider reporting this to the maintainers of io.netty.util.internal.ReflectionUtil
WARNING: Use --illegal-access=warn to enable warnings of further illegal reflective access operations
WARNING: All illegal access operations will be denied in a future release {"metadata":{"emulator":{"name":"database"},"message":"WARNING: An illegal reflective access operation has occurred\nWARNING: Illegal reflective access by io.netty.util.internal.ReflectionUtil (file:/Users/xiaoweichen/.cache/firebase/emulators/firebase-database-emulator-v4.9.0.jar) to field sun.nio.ch.SelectorImpl.selectedKeys\nWARNING: Please consider reporting this to the maintainers of io.netty.util.internal.ReflectionUtil\nWARNING: Use --illegal-access=warn to enable warnings of further illegal reflective access operations\nWARNING: All illegal access operations will be denied in a future release"}}
[debug] [2022-11-10T00:09:59.839Z] 
 {"metadata":{"emulator":{"name":"database"},"message":"\n"}}
[debug] [2022-11-10T00:10:00.714Z] 18:10:00.713 [NamespaceSystem-akka.actor.default-dispatcher-4] INFO akka.event.slf4j.Slf4jLogger - Slf4jLogger started
 {"metadata":{"emulator":{"name":"database"},"message":"18:10:00.713 [NamespaceSystem-akka.actor.default-dispatcher-4] INFO akka.event.slf4j.Slf4jLogger - Slf4jLogger started\n"}}
[debug] [2022-11-10T00:10:00.900Z] 18:10:00.899 [main] INFO com.firebase.server.forge.App$ - Listening at localhost:9000
 {"metadata":{"emulator":{"name":"database"},"message":"18:10:00.899 [main] INFO com.firebase.server.forge.App$ - Listening at localhost:9000\n"}}
[warn] ⚠  emulators: The Emulator UI is not starting, either because none of the emulated products have an interaction layer in Emulator UI or it cannot determine the Project ID. Pass the --project flag to specify a project. {"metadata":{"emulator":{"name":"hub"},"message":"The Emulator UI is not starting, either because none of the emulated products have an interaction layer in Emulator UI or it cannot determine the Project ID. Pass the --project flag to specify a project."}}
[info] 
┌─────────────────────────────────────────────────────────────┐
│ ✔  All emulators ready! It is now safe to connect your app. │
└─────────────────────────────────────────────────────────────┘

┌────────────────┬────────────────┐
│ Emulator       │ Host:Port      │
├────────────────┼────────────────┤
│ Authentication │ localhost:9099 │
├────────────────┼────────────────┤
│ Database       │ localhost:9000 │
└────────────────┴────────────────┘
  Emulator Hub running at localhost:4400
  Other reserved ports: 4500

Issues? Report them at https://github.com/firebase/firebase-tools/issues and attach the *-debug.log files.
 
